<?xml version="1.0" encoding="UTF-8"?>
<!-- Generated by org.testng.reporters.JUnitXMLReporter -->
<testsuite ignored="5" hostname="MacBook-Pro-6.local" failures="0" tests="2" name="ChromeTest" time="6.412" errors="0" timestamp="2024-09-03T15:18:11 GST">
  <testcase classname="tests.LoginTest" name="LoginTestWithValidCredentials" time="0.423"/>
  <testcase classname="tests.LoginTest" name="LoginTestWithBlankCredentials" time="0.103"/>
  <testcase classname="tests.LoginTest" name="LoginTestWithBlankPassword" time="0.0">
    <ignored/>
  </testcase> <!-- LoginTestWithBlankPassword -->
  <testcase classname="tests.LoginTest" name="LoginTestWithInvalidUserName" time="0.0">
    <ignored/>
  </testcase> <!-- LoginTestWithInvalidUserName -->
  <testcase classname="tests.LoginTest" name="LoginTestWithInvalidPassword" time="0.0">
    <ignored/>
  </testcase> <!-- LoginTestWithInvalidPassword -->
  <testcase classname="tests.LoginTest" name="LoginTestWithInvalidCredentials" time="0.0">
    <ignored/>
  </testcase> <!-- LoginTestWithInvalidCredentials -->
  <testcase classname="tests.LoginTest" name="LoginTestWithBlankUserName" time="0.0">
    <ignored/>
  </testcase> <!-- LoginTestWithBlankUserName -->
</testsuite> <!-- ChromeTest -->
